#
# There is insufficient memory for the Java Runtime Environment to continue.
# Native memory allocation (malloc) failed to allocate 901456 bytes for Chunk::new
# Possible reasons:
#   The system is out of physical RAM or swap space
#   In 32 bit mode, the process size limit was hit
# Possible solutions:
#   Reduce memory load on the system
#   Increase physical memory or swap space
#   Check if swap backing store is full
#   Use 64 bit Java on a 64 bit OS
#   Decrease Java heap size (-Xmx/-Xms)
#   Decrease number of Java threads
#   Decrease Java thread stack sizes (-Xss)
#   Set larger code cache with -XX:ReservedCodeCacheSize=
# This output file may be truncated or incomplete.
#
#  Out of Memory Error (allocation.cpp:390), pid=89536, tid=0x0000000000015e2c
#
# JRE version: Java(TM) SE Runtime Environment (8.0_152-b16) (build 1.8.0_152-b16)
# Java VM: Java HotSpot(TM) 64-Bit Server VM (25.152-b16 mixed mode windows-amd64 compressed oops)
# Failed to write core dump. Minidumps are not enabled by default on client versions of Windows
#

---------------  T H R E A D  ---------------

Current thread (0x0000000013e0c000):  JavaThread "C2 CompilerThread0" daemon [_thread_in_native, id=89644, stack(0x0000000015470000,0x0000000015570000)]

Stack: [0x0000000015470000,0x0000000015570000]
[error occurred during error reporting (printing stack bounds), id 0xc0000005]

Native frames: (J=compiled Java code, j=interpreted, Vv=VM code, C=native code)


Current CompileTask:
C2: 148850 21378 %     4       com.android.tools.r8.ir.optimize.PeepholeOptimizer::optimize @ 13 (388 bytes)


---------------  P R O C E S S  ---------------

Java Threads: ( => current thread )
  0x000000001a246800 JavaThread "ForkJoinPool.commonPool-worker-2" daemon [_thread_blocked, id=90796, stack(0x00000000252d0000,0x00000000253d0000)]
  0x000000001a245000 JavaThread "Cache worker for Java compile cache (D:\Adips\SWArriors\android\.gradle\6.2\javaCompile)" [_thread_blocked, id=91016, stack(0x0000000024be0000,0x0000000024ce0000)]
  0x000000001a244000 JavaThread "Cache worker for Java compile cache (C:\Users\Kacper\.gradle\caches\6.2\javaCompile)" [_thread_blocked, id=90208, stack(0x0000000024ae0000,0x0000000024be0000)]
  0x000000001a242800 JavaThread "stdout" [_thread_in_native, id=90784, stack(0x00000000247e0000,0x00000000248e0000)]
  0x000000001a242000 JavaThread "stderr" [_thread_in_native, id=90776, stack(0x00000000246e0000,0x00000000247e0000)]
  0x000000001a240800 JavaThread "stdout" [_thread_in_native, id=90848, stack(0x00000000245e0000,0x00000000246e0000)]
  0x000000001a23e000 JavaThread "stderr" [_thread_in_native, id=90788, stack(0x00000000244e0000,0x00000000245e0000)]
  0x000000001a243800 JavaThread "stdout" [_thread_in_native, id=90748, stack(0x00000000243e0000,0x00000000244e0000)]
  0x000000001a23d000 JavaThread "stderr" [_thread_in_native, id=90780, stack(0x00000000242e0000,0x00000000243e0000)]
  0x000000001bb41800 JavaThread "stdout" [_thread_in_native, id=90836, stack(0x00000000241e0000,0x00000000242e0000)]
  0x000000001bb40800 JavaThread "stderr" [_thread_in_native, id=90592, stack(0x0000000023d10000,0x0000000023e10000)]
  0x000000001bb40000 JavaThread "pool-3-thread-1" [_thread_blocked, id=90772, stack(0x0000000023c10000,0x0000000023d10000)]
  0x000000001bb3f000 JavaThread "WorkerExecutor Queue Thread 4" [_thread_blocked, id=88780, stack(0x00000000240e0000,0x00000000241e0000)]
  0x000000001bb3e800 JavaThread "WorkerExecutor Queue Thread 3" [_thread_blocked, id=90680, stack(0x0000000023fe0000,0x00000000240e0000)]
  0x000000001bb3d800 JavaThread "WorkerExecutor Queue Thread 2" [_thread_blocked, id=90820, stack(0x0000000023ee0000,0x0000000023fe0000)]
  0x000000001bb3d000 JavaThread "WorkerExecutor Queue" [_thread_blocked, id=90188, stack(0x0000000023910000,0x0000000023a10000)]
  0x000000001bb35000 JavaThread "Cache worker for execution history cache (D:\Adips\SWArriors\android\.gradle\6.2\executionHistory)" [_thread_blocked, id=90060, stack(0x0000000023810000,0x0000000023910000)]
  0x000000001bb34800 JavaThread "Execution worker for ':' Thread 3" [_thread_in_Java, id=88476, stack(0x0000000023510000,0x0000000023610000)]
  0x000000001bb3b000 JavaThread "Execution worker for ':' Thread 2" [_thread_in_Java, id=89548, stack(0x0000000023410000,0x0000000023510000)]
  0x000000001bb3a800 JavaThread "Execution worker for ':'" [_thread_in_Java, id=90100, stack(0x0000000023310000,0x0000000023410000)]
  0x000000001bb39800 JavaThread "Cache worker for file content cache (D:\Adips\SWArriors\android\.gradle\6.2\fileContent)" [_thread_blocked, id=88388, stack(0x0000000022140000,0x0000000022240000)]
  0x000000001bb32000 JavaThread "Cache worker for file content cache (C:\Users\Kacper\.gradle\caches\6.2\fileContent)" [_thread_blocked, id=89244, stack(0x0000000000e00000,0x0000000000f00000)]
  0x000000001bb39000 JavaThread "Memory manager" [_thread_blocked, id=88652, stack(0x0000000021c90000,0x0000000021d90000)]
  0x000000001bb38000 JavaThread "Cache worker for Build Output Cleanup Cache (D:\Adips\SWArriors\android\.gradle\buildOutputCleanup)" [_thread_blocked, id=88880, stack(0x0000000021790000,0x0000000021890000)]
  0x000000001bb36000 JavaThread "pool-1-thread-1" [_thread_blocked, id=88464, stack(0x0000000021e40000,0x0000000021f40000)]
  0x000000001bb36800 JavaThread "Build operations Thread 4" [_thread_blocked, id=89668, stack(0x0000000021090000,0x0000000021190000)]
  0x000000001bb33800 JavaThread "Build operations Thread 3" [_thread_blocked, id=80336, stack(0x0000000020f90000,0x0000000021090000)]
  0x000000001bb33000 JavaThread "Build operations Thread 2" [_thread_blocked, id=80732, stack(0x0000000020e90000,0x0000000020f90000)]
  0x000000001bb37800 JavaThread "Build operations" [_thread_blocked, id=81996, stack(0x000000001e990000,0x000000001ea90000)]
  0x000000001752b800 JavaThread "Cache worker for execution history cache (C:\Users\Kacper\.gradle\caches\6.2\executionHistory)" [_thread_blocked, id=90008, stack(0x000000001c750000,0x000000001c850000)]
  0x0000000017528800 JavaThread "Cache worker for cache directory md-rule (C:\Users\Kacper\.gradle\caches\6.2\md-rule)" [_thread_blocked, id=90004, stack(0x000000001c650000,0x000000001c750000)]
  0x0000000017529800 JavaThread "Cache worker for cache directory md-supplier (C:\Users\Kacper\.gradle\caches\6.2\md-supplier)" [_thread_blocked, id=90000, stack(0x000000001c350000,0x000000001c450000)]
  0x0000000017527000 JavaThread "Cache worker for file hash cache (D:\Adips\SWArriors\android\.gradle\6.2\fileHashes)" [_thread_blocked, id=89928, stack(0x000000001c050000,0x000000001c150000)]
  0x000000001752b000 JavaThread "Cache worker for checksums cache (D:\Adips\SWArriors\android\.gradle\checksums)" [_thread_blocked, id=89920, stack(0x000000001af80000,0x000000001b080000)]
  0x000000001752a000 JavaThread "Cache worker for file hash cache (C:\Users\Kacper\.gradle\caches\6.2\fileHashes)" [_thread_blocked, id=89904, stack(0x0000000019bb0000,0x0000000019cb0000)]
  0x0000000017528000 JavaThread "File lock request listener" [_thread_in_native, id=89900, stack(0x0000000019ab0000,0x0000000019bb0000)]
  0x0000000017526800 JavaThread "Cache worker for journal cache (C:\Users\Kacper\.gradle\caches\journal-1)" [_thread_blocked, id=89896, stack(0x00000000199b0000,0x0000000019ab0000)]
  0x0000000017500800 JavaThread "Thread-9" [_thread_blocked, id=89892, stack(0x00000000196b0000,0x00000000197b0000)]
  0x0000000017500000 JavaThread "Stdin handler" [_thread_blocked, id=89888, stack(0x00000000195b0000,0x00000000196b0000)]
  0x0000000017431000 JavaThread "Asynchronous log dispatcher for DefaultDaemonConnection: socket connection from /127.0.0.1:50913 to /127.0.0.1:50914" [_thread_blocked, id=89884, stack(0x00000000192b0000,0x00000000193b0000)]
  0x0000000017494000 JavaThread "Daemon worker" [_thread_in_Java, id=89872, stack(0x00000000191b0000,0x00000000192b0000)]
  0x0000000017492000 JavaThread "Cancel handler" [_thread_blocked, id=89868, stack(0x00000000190b0000,0x00000000191b0000)]
  0x000000001748f800 JavaThread "Handler for socket connection from /127.0.0.1:50913 to /127.0.0.1:50914" [_thread_in_native, id=89864, stack(0x0000000018fb0000,0x00000000190b0000)]
  0x0000000017489000 JavaThread "Daemon" [_thread_blocked, id=89860, stack(0x0000000018eb0000,0x0000000018fb0000)]
  0x000000001743a000 JavaThread "Daemon periodic checks" [_thread_blocked, id=89848, stack(0x0000000018db0000,0x0000000018eb0000)]
  0x000000001740e000 JavaThread "Incoming local TCP Connector on port 50913" [_thread_in_native, id=89792, stack(0x0000000017b80000,0x0000000017c80000)]
  0x00000000173bc800 JavaThread "Daemon health stats" [_thread_blocked, id=89784, stack(0x0000000017540000,0x0000000017640000)]
  0x0000000015793000 JavaThread "Service Thread" daemon [_thread_blocked, id=89656, stack(0x0000000015b70000,0x0000000015c70000)]
  0x0000000013e1d000 JavaThread "C1 CompilerThread2" daemon [_thread_blocked, id=89652, stack(0x0000000015670000,0x0000000015770000)]
  0x0000000013e10000 JavaThread "C2 CompilerThread1" daemon [_thread_in_native, id=89648, stack(0x0000000015570000,0x0000000015670000)]
=>0x0000000013e0c000 JavaThread "C2 CompilerThread0" daemon [_thread_in_native, id=89644, stack(0x0000000015470000,0x0000000015570000)]
  0x0000000013e1b800 JavaThread "Attach Listener" daemon [_thread_blocked, id=89640, stack(0x0000000015370000,0x0000000015470000)]
  0x0000000013e1a000 JavaThread "Signal Dispatcher" daemon [_thread_blocked, id=89636, stack(0x0000000015270000,0x0000000015370000)]
  0x0000000013df8800 JavaThread "Finalizer" daemon [_thread_blocked, id=89628, stack(0x0000000015060000,0x0000000015160000)]
  0x0000000002a94800 JavaThread "Reference Handler" daemon [_thread_blocked, id=89624, stack(0x0000000014f60000,0x0000000015060000)]
  0x00000000029a2800 JavaThread "main" [_thread_blocked, id=89600, stack(0x00000000027b0000,0x00000000028b0000)]

Other Threads:
  0x0000000013dd7800 VMThread [stack: 0x0000000014e60000,0x0000000014f60000] [id=89620]
  0x00000000157b3800 WatcherThread [stack: 0x0000000015c70000,0x0000000015d70000] [id=89660]

VM state:not at safepoint (normal execution)

VM Mutex/Monitor currently owned by a thread: None

Heap:
 PSYoungGen      total 145408K, used 75747K [0x00000000f5580000, 0x0000000100000000, 0x0000000100000000)
  eden space 118272K, 49% used [0x00000000f5580000,0x00000000f8ea8cc8,0x00000000fc900000)
  from space 27136K, 63% used [0x00000000fe580000,0x00000000ff6502e0,0x0000000100000000)
  to   space 28160K, 0% used [0x00000000fc900000,0x00000000fc900000,0x00000000fe480000)
 ParOldGen       total 249344K, used 113800K [0x00000000e0000000, 0x00000000ef380000, 0x00000000f5580000)
  object space 249344K, 45% used [0x00000000e0000000,0x00000000e6f220a8,0x00000000ef380000)
 Metaspace       used 99164K, capacity 104031K, committed 104320K, reserved 1140736K
  class space    used 12912K, capacity 13860K, committed 13952K, reserved 1048576K

Card table byte_map: [0x0000000011e60000,0x0000000011f70000] byte_map_base: 0x0000000011760000

Marking Bits: (ParMarkBitMap*) 0x0000000059c40860
 Begin Bits: [0x0000000012370000, 0x0000000012b70000)
 End Bits:   [0x0000000012b70000, 0x0000000013370000)

Polling page: 0x0000000000f70000

CodeCache: size=245760Kb used=61328Kb max_used=61328Kb free=184431Kb
 bounds [0x0000000002aa0000, 0x00000000066e0000, 0x0000000011aa0000]
 total_blobs=18145 nmethods=17229 adapters=825
 compilation: enabled

Compilation events (10 events):
Event: 148.778 Thread 0x0000000013e1d000 21657       2       com.android.tools.r8.ir.code.ArrayGet::array (14 bytes)
Event: 148.778 Thread 0x0000000013e1d000 nmethod 21657 0x0000000004089dd0 code [0x0000000004089f40, 0x000000000408a0e8]
Event: 148.813 Thread 0x0000000013e1d000 21659       2       com.android.tools.r8.ir.desugar.g::<init> (26 bytes)
Event: 148.813 Thread 0x0000000013e1d000 nmethod 21659 0x0000000004adda50 code [0x0000000004addba0, 0x0000000004addd30]
Event: 148.818 Thread 0x0000000013e1d000 21660       2       com.android.tools.r8.ir.conversion.IRBuilder$e::equals (85 bytes)
Event: 148.819 Thread 0x0000000013e1d000 nmethod 21660 0x0000000004add310 code [0x0000000004add4c0, 0x0000000004add868]
Event: 148.819 Thread 0x0000000013e1d000 21661       2       com.android.tools.r8.n.a.a.a.g.H0::a (126 bytes)
Event: 148.820 Thread 0x0000000013e1d000 nmethod 21661 0x00000000066b2ad0 code [0x00000000066b2d40, 0x00000000066b3748]
Event: 148.829 Thread 0x0000000013e1d000 21662       2       com.android.tools.r8.n.a.a.a.h.W$d::getKey (13 bytes)
Event: 148.830 Thread 0x0000000013e1d000 nmethod 21662 0x0000000005355910 code [0x0000000005355a60, 0x0000000005355bd0]

GC Heap History (10 events):
Event: 141.395 GC heap before
{Heap before GC invocations=48 (full 4):
 PSYoungGen      total 140800K, used 119313K [0x00000000f5580000, 0x00000000ffc00000, 0x0000000100000000)
  eden space 112640K, 100% used [0x00000000f5580000,0x00000000fc380000,0x00000000fc380000)
  from space 28160K, 23% used [0x00000000fc380000,0x00000000fca045c0,0x00000000fdf00000)
  to   space 26624K, 0% used [0x00000000fe200000,0x00000000fe200000,0x00000000ffc00000)
 ParOldGen       total 249344K, used 88453K [0x00000000e0000000, 0x00000000ef380000, 0x00000000f5580000)
  object space 249344K, 35% used [0x00000000e0000000,0x00000000e5661668,0x00000000ef380000)
 Metaspace       used 97327K, capacity 101679K, committed 101760K, reserved 1136640K
  class space    used 12737K, capacity 13622K, committed 13696K, reserved 1048576K
Event: 141.412 GC heap after
Heap after GC invocations=48 (full 4):
 PSYoungGen      total 143872K, used 14148K [0x00000000f5580000, 0x00000000ffe80000, 0x0000000100000000)
  eden space 117248K, 0% used [0x00000000f5580000,0x00000000f5580000,0x00000000fc800000)
  from space 26624K, 53% used [0x00000000fe200000,0x00000000fefd1250,0x00000000ffc00000)
  to   space 26624K, 0% used [0x00000000fc800000,0x00000000fc800000,0x00000000fe200000)
 ParOldGen       total 249344K, used 90202K [0x00000000e0000000, 0x00000000ef380000, 0x00000000f5580000)
  object space 249344K, 36% used [0x00000000e0000000,0x00000000e5816898,0x00000000ef380000)
 Metaspace       used 97327K, capacity 101679K, committed 101760K, reserved 1136640K
  class space    used 12737K, capacity 13622K, committed 13696K, reserved 1048576K
}
Event: 143.843 GC heap before
{Heap before GC invocations=49 (full 4):
 PSYoungGen      total 143872K, used 131396K [0x00000000f5580000, 0x00000000ffe80000, 0x0000000100000000)
  eden space 117248K, 100% used [0x00000000f5580000,0x00000000fc800000,0x00000000fc800000)
  from space 26624K, 53% used [0x00000000fe200000,0x00000000fefd1250,0x00000000ffc00000)
  to   space 26624K, 0% used [0x00000000fc800000,0x00000000fc800000,0x00000000fe200000)
 ParOldGen       total 249344K, used 90202K [0x00000000e0000000, 0x00000000ef380000, 0x00000000f5580000)
  object space 249344K, 36% used [0x00000000e0000000,0x00000000e5816898,0x00000000ef380000)
 Metaspace       used 98731K, capacity 103579K, committed 103808K, reserved 1138688K
  class space    used 12884K, capacity 13852K, committed 13952K, reserved 1048576K
Event: 143.859 GC heap after
Heap after GC invocations=49 (full 4):
 PSYoungGen      total 143872K, used 2542K [0x00000000f5580000, 0x0000000100000000, 0x0000000100000000)
  eden space 117248K, 0% used [0x00000000f5580000,0x00000000f5580000,0x00000000fc800000)
  from space 26624K, 9% used [0x00000000fc800000,0x00000000fca7bb78,0x00000000fe200000)
  to   space 26624K, 0% used [0x00000000fe600000,0x00000000fe600000,0x0000000100000000)
 ParOldGen       total 249344K, used 97644K [0x00000000e0000000, 0x00000000ef380000, 0x00000000f5580000)
  object space 249344K, 39% used [0x00000000e0000000,0x00000000e5f5b300,0x00000000ef380000)
 Metaspace       used 98731K, capacity 103579K, committed 103808K, reserved 1138688K
  class space    used 12884K, capacity 13852K, committed 13952K, reserved 1048576K
}
Event: 147.707 GC heap before
{Heap before GC invocations=50 (full 4):
 PSYoungGen      total 143872K, used 119790K [0x00000000f5580000, 0x0000000100000000, 0x0000000100000000)
  eden space 117248K, 100% used [0x00000000f5580000,0x00000000fc800000,0x00000000fc800000)
  from space 26624K, 9% used [0x00000000fc800000,0x00000000fca7bb78,0x00000000fe200000)
  to   space 26624K, 0% used [0x00000000fe600000,0x00000000fe600000,0x0000000100000000)
 ParOldGen       total 249344K, used 97644K [0x00000000e0000000, 0x00000000ef380000, 0x00000000f5580000)
  object space 249344K, 39% used [0x00000000e0000000,0x00000000e5f5b300,0x00000000ef380000)
 Metaspace       used 98925K, capacity 103797K, committed 104064K, reserved 1138688K
  class space    used 12889K, capacity 13853K, committed 13952K, reserved 1048576K
Event: 147.717 GC heap after
Heap after GC invocations=50 (full 4):
 PSYoungGen      total 145920K, used 4939K [0x00000000f5580000, 0x00000000ffe00000, 0x0000000100000000)
  eden space 121344K, 0% used [0x00000000f5580000,0x00000000f5580000,0x00000000fcc00000)
  from space 24576K, 20% used [0x00000000fe600000,0x00000000fead2de0,0x00000000ffe00000)
  to   space 25600K, 0% used [0x00000000fcc00000,0x00000000fcc00000,0x00000000fe500000)
 ParOldGen       total 249344K, used 99141K [0x00000000e0000000, 0x00000000ef380000, 0x00000000f5580000)
  object space 249344K, 39% used [0x00000000e0000000,0x00000000e60d1548,0x00000000ef380000)
 Metaspace       used 98925K, capacity 103797K, committed 104064K, reserved 1138688K
  class space    used 12889K, capacity 13853K, committed 13952K, reserved 1048576K
}
Event: 148.257 GC heap before
{Heap before GC invocations=51 (full 4):
 PSYoungGen      total 145920K, used 126283K [0x00000000f5580000, 0x00000000ffe00000, 0x0000000100000000)
  eden space 121344K, 100% used [0x00000000f5580000,0x00000000fcc00000,0x00000000fcc00000)
  from space 24576K, 20% used [0x00000000fe600000,0x00000000fead2de0,0x00000000ffe00000)
  to   space 25600K, 0% used [0x00000000fcc00000,0x00000000fcc00000,0x00000000fe500000)
 ParOldGen       total 249344K, used 100766K [0x00000000e0000000, 0x00000000ef380000, 0x00000000f5580000)
  object space 249344K, 40% used [0x00000000e0000000,0x00000000e62678d8,0x00000000ef380000)
 Metaspace       used 99100K, capacity 103939K, committed 104064K, reserved 1138688K
  class space    used 12910K, capacity 13856K, committed 13952K, reserved 1048576K
Event: 148.285 GC heap after
Heap after GC invocations=51 (full 4):
 PSYoungGen      total 146944K, used 17427K [0x00000000f5580000, 0x0000000100000000, 0x0000000100000000)
  eden space 121344K, 0% used [0x00000000f5580000,0x00000000f5580000,0x00000000fcc00000)
  from space 25600K, 68% used [0x00000000fcc00000,0x00000000fdd04fd0,0x00000000fe500000)
  to   space 27136K, 0% used [0x00000000fe580000,0x00000000fe580000,0x0000000100000000)
 ParOldGen       total 249344K, used 100774K [0x00000000e0000000, 0x00000000ef380000, 0x00000000f5580000)
  object space 249344K, 40% used [0x00000000e0000000,0x00000000e62698d8,0x00000000ef380000)
 Metaspace       used 99100K, capacity 103939K, committed 104064K, reserved 1138688K
  class space    used 12910K, capacity 13856K, committed 13952K, reserved 1048576K
}
Event: 148.615 GC heap before
{Heap before GC invocations=52 (full 4):
 PSYoungGen      total 146944K, used 138771K [0x00000000f5580000, 0x0000000100000000, 0x0000000100000000)
  eden space 121344K, 100% used [0x00000000f5580000,0x00000000fcc00000,0x00000000fcc00000)
  from space 25600K, 68% used [0x00000000fcc00000,0x00000000fdd04fd0,0x00000000fe500000)
  to   space 27136K, 0% used [0x00000000fe580000,0x00000000fe580000,0x0000000100000000)
 ParOldGen       total 249344K, used 100776K [0x00000000e0000000, 0x00000000ef380000, 0x00000000f5580000)
  object space 249344K, 40% used [0x00000000e0000000,0x00000000e626a0b0,0x00000000ef380000)
 Metaspace       used 99150K, capacity 104029K, committed 104320K, reserved 1140736K
  class space    used 12911K, capacity 13859K, committed 13952K, reserved 1048576K
Event: 148.644 GC heap after
Heap after GC invocations=52 (full 4):
 PSYoungGen      total 145408K, used 17216K [0x00000000f5580000, 0x0000000100000000, 0x0000000100000000)
  eden space 118272K, 0% used [0x00000000f5580000,0x00000000f5580000,0x00000000fc900000)
  from space 27136K, 63% used [0x00000000fe580000,0x00000000ff6502e0,0x0000000100000000)
  to   space 28160K, 0% used [0x00000000fc900000,0x00000000fc900000,0x00000000fe480000)
 ParOldGen       total 249344K, used 113800K [0x00000000e0000000, 0x00000000ef380000, 0x00000000f5580000)
  object space 249344K, 45% used [0x00000000e0000000,0x00000000e6f220a8,0x00000000ef380000)
 Metaspace       used 99150K, capacity 104029K, committed 104320K, reserved 1140736K
  class space    used 12911K, capacity 13859K, committed 13952K, reserved 1048576K
}

Deoptimization events (10 events):
Event: 147.503 Thread 0x000000001bb34800 Uncommon trap: reason=bimorphic action=maybe_recompile pc=0x0000000005e8542c method=com.google.common.collect.ImmutableSet.copyOf(Ljava/util/Collection;)Lcom/google/common/collect/ImmutableSet; @ 29
Event: 147.508 Thread 0x0000000017494000 Uncommon trap: reason=array_check action=maybe_recompile pc=0x0000000004f9ec0c method=java.util.TimSort.reverseRange([Ljava/lang/Object;II)V @ 27
Event: 147.516 Thread 0x000000001bb3a800 Uncommon trap: reason=array_check action=maybe_recompile pc=0x0000000004f9ec0c method=java.util.TimSort.reverseRange([Ljava/lang/Object;II)V @ 27
Event: 147.934 Thread 0x000000001bb3b000 Uncommon trap: reason=unstable_if action=reinterpret pc=0x000000000644c380 method=com.android.tools.r8.ir.conversion.V.b(Lcom/android/tools/r8/t/a/a/B;)Z @ 11
Event: 147.935 Thread 0x000000001bb3b000 Uncommon trap: reason=unstable_if action=reinterpret pc=0x00000000062c5e94 method=com.android.tools.r8.ir.conversion.V.b(Lcom/android/tools/r8/t/a/a/B;)Z @ 11
Event: 147.965 Thread 0x000000001bb3b000 Uncommon trap: reason=unstable_if action=reinterpret pc=0x000000000638e158 method=com.android.tools.r8.ir.conversion.V.b(Lcom/android/tools/r8/t/a/a/B;)Z @ 11
Event: 147.992 Thread 0x000000001bb3b000 Uncommon trap: reason=unstable_if action=reinterpret pc=0x00000000064ace78 method=com.android.tools.r8.ir.conversion.IRBuilder.a(ILcom/android/tools/r8/ir/code/k0;Lcom/android/tools/r8/ir/code/BasicBlock;Lcom/android/tools/r8/ir/code/BasicBlock$c;Lcom/and
Event: 147.993 Thread 0x000000001bb3b000 Uncommon trap: reason=unstable_if action=reinterpret pc=0x000000000625a840 method=com.android.tools.r8.ir.analysis.g.e.b(Lcom/android/tools/r8/ir/code/Instruction;)V @ 11
Event: 148.447 Thread 0x000000001bb3a800 Uncommon trap: reason=unstable_if action=reinterpret pc=0x00000000053aebfc method=java.lang.Long.numberOfTrailingZeros(J)I @ 3
Event: 148.686 Thread 0x000000001bb34800 Uncommon trap: reason=unstable_if action=reinterpret pc=0x0000000005f302cc method=com.android.tools.r8.ir.conversion.V.b(Lcom/android/tools/r8/t/a/a/B;)Z @ 11

Classes redefined (0 events):
No events

Internal exceptions (10 events):
Event: 148.144 Thread 0x0000000017494000 Exception <a 'sun/nio/fs/WindowsException'> (0x00000000fb23d600) thrown at [C:\re\workspace\8-2-build-windows-amd64-cygwin\jdk8u152\9742\hotspot\src\share\vm\prims\jni.cpp, line 709]
Event: 148.174 Thread 0x000000001bb3b000 Exception <a 'sun/nio/fs/WindowsException'> (0x00000000fa8e8cb0) thrown at [C:\re\workspace\8-2-build-windows-amd64-cygwin\jdk8u152\9742\hotspot\src\share\vm\prims\jni.cpp, line 709]
Event: 148.307 Thread 0x000000001bb3b000 Exception <a 'sun/nio/fs/WindowsException'> (0x00000000f5e35108) thrown at [C:\re\workspace\8-2-build-windows-amd64-cygwin\jdk8u152\9742\hotspot\src\share\vm\prims\jni.cpp, line 709]
Event: 148.434 Thread 0x000000001bb34800 Exception <a 'sun/nio/fs/WindowsException'> (0x00000000f8084bb8) thrown at [C:\re\workspace\8-2-build-windows-amd64-cygwin\jdk8u152\9742\hotspot\src\share\vm\prims\jni.cpp, line 709]
Event: 148.449 Thread 0x000000001bb3a800 Exception <a 'sun/nio/fs/WindowsException'> (0x00000000f82c22b0) thrown at [C:\re\workspace\8-2-build-windows-amd64-cygwin\jdk8u152\9742\hotspot\src\share\vm\prims\jni.cpp, line 709]
Event: 148.471 Thread 0x0000000017494000 Exception <a 'sun/nio/fs/WindowsException'> (0x00000000f7ea0c88) thrown at [C:\re\workspace\8-2-build-windows-amd64-cygwin\jdk8u152\9742\hotspot\src\share\vm\prims\jni.cpp, line 709]
Event: 148.575 Thread 0x0000000017494000 Exception <a 'sun/nio/fs/WindowsException'> (0x00000000fb881a48) thrown at [C:\re\workspace\8-2-build-windows-amd64-cygwin\jdk8u152\9742\hotspot\src\share\vm\prims\jni.cpp, line 709]
Event: 148.580 Thread 0x000000001bb3a800 Exception <a 'sun/nio/fs/WindowsException'> (0x00000000fbb56228) thrown at [C:\re\workspace\8-2-build-windows-amd64-cygwin\jdk8u152\9742\hotspot\src\share\vm\prims\jni.cpp, line 709]
Event: 148.652 Thread 0x000000001bb3a800 Exception <a 'sun/nio/fs/WindowsException'> (0x00000000f5996e68) thrown at [C:\re\workspace\8-2-build-windows-amd64-cygwin\jdk8u152\9742\hotspot\src\share\vm\prims\jni.cpp, line 709]
Event: 148.812 Thread 0x000000001bb3a800 Exception <a 'sun/nio/fs/WindowsException'> (0x00000000f842eb28) thrown at [C:\re\workspace\8-2-build-windows-amd64-cygwin\jdk8u152\9742\hotspot\src\share\vm\prims\jni.cpp, line 709]

Events (10 events):
Event: 148.736 loading class com/android/tools/r8/ir/code/Move
Event: 148.736 loading class com/android/tools/r8/ir/code/Move done
Event: 148.776 Thread 0x0000000017494000 DEOPT PACKING pc=0x0000000005dff391 sp=0x00000000192a7460
Event: 148.776 Thread 0x0000000017494000 DEOPT UNPACKING pc=0x0000000002ae787f sp=0x00000000192a71f0 mode 0
Event: 148.779 Thread 0x000000001bb34800 DEOPT PACKING pc=0x000000000627f522 sp=0x0000000023609e10
Event: 148.779 Thread 0x000000001bb34800 DEOPT UNPACKING pc=0x0000000002ae787f sp=0x0000000023609e78 mode 0
Event: 148.794 Thread 0x000000001bb3a800 DEOPT PACKING pc=0x0000000005fe363b sp=0x000000002340b5a0
Event: 148.794 Thread 0x000000001bb3a800 DEOPT UNPACKING pc=0x0000000002ae787f sp=0x000000002340b370 mode 0
Event: 148.838 Thread 0x0000000017494000 DEOPT PACKING pc=0x000000000627f8e2 sp=0x00000000192a7a50
Event: 148.838 Thread 0x0000000017494000 DEOPT UNPACKING pc=0x0000000002ae787f sp=0x00000000192a7ab8 mode 0


Dynamic libraries:
0x00007ff777640000 - 0x00007ff777677000 	C:\Program Files\Java\jdk1.8.0_152\bin\java.exe
0x00007ffd85e10000 - 0x00007ffd86006000 	C:\WINDOWS\SYSTEM32\ntdll.dll
0x00007ffd84050000 - 0x00007ffd8410d000 	C:\WINDOWS\System32\KERNEL32.DLL
0x00007ffd83620000 - 0x00007ffd838e9000 	C:\WINDOWS\System32\KERNELBASE.dll
0x00007ffd84180000 - 0x00007ffd8422c000 	C:\WINDOWS\System32\ADVAPI32.dll
0x00007ffd85720000 - 0x00007ffd857be000 	C:\WINDOWS\System32\msvcrt.dll
0x00007ffd85620000 - 0x00007ffd856bc000 	C:\WINDOWS\System32\sechost.dll
0x00007ffd83f20000 - 0x00007ffd8404b000 	C:\WINDOWS\System32\RPCRT4.dll
0x00007ffd84230000 - 0x00007ffd843d0000 	C:\WINDOWS\System32\USER32.dll
0x00007ffd83a00000 - 0x00007ffd83a22000 	C:\WINDOWS\System32\win32u.dll
0x00007ffd83e70000 - 0x00007ffd83e9a000 	C:\WINDOWS\System32\GDI32.dll
0x00007ffd83a30000 - 0x00007ffd83b3b000 	C:\WINDOWS\System32\gdi32full.dll
0x00007ffd83cd0000 - 0x00007ffd83d6d000 	C:\WINDOWS\System32\msvcp_win.dll
0x00007ffd83d70000 - 0x00007ffd83e70000 	C:\WINDOWS\System32\ucrtbase.dll
0x00007ffd6ed50000 - 0x00007ffd6efeb000 	C:\WINDOWS\WinSxS\amd64_microsoft.windows.common-controls_6595b64144ccf1df_6.0.19041.746_none_ca02b4b61b8320a4\COMCTL32.dll
0x00007ffd855f0000 - 0x00007ffd85620000 	C:\WINDOWS\System32\IMM32.DLL
0x0000000059cc0000 - 0x0000000059d92000 	C:\Program Files\Java\jdk1.8.0_152\jre\bin\msvcr100.dll
0x0000000059420000 - 0x0000000059cc0000 	C:\Program Files\Java\jdk1.8.0_152\jre\bin\server\jvm.dll
0x00007ffd85860000 - 0x00007ffd85868000 	C:\WINDOWS\System32\PSAPI.DLL
0x00007ffd7c6e0000 - 0x00007ffd7c6ea000 	C:\WINDOWS\SYSTEM32\VERSION.dll
0x00007ffd73930000 - 0x00007ffd73957000 	C:\WINDOWS\SYSTEM32\WINMM.dll
0x00007ffd7ea50000 - 0x00007ffd7ea59000 	C:\WINDOWS\SYSTEM32\WSOCK32.dll
0x00007ffd847e0000 - 0x00007ffd8484b000 	C:\WINDOWS\System32\WS2_32.dll
0x0000000059410000 - 0x000000005941f000 	C:\Program Files\Java\jdk1.8.0_152\jre\bin\verify.dll
0x00000000593e0000 - 0x0000000059409000 	C:\Program Files\Java\jdk1.8.0_152\jre\bin\java.dll
0x00000000593c0000 - 0x00000000593d6000 	C:\Program Files\Java\jdk1.8.0_152\jre\bin\zip.dll
0x00007ffd849d0000 - 0x00007ffd85113000 	C:\WINDOWS\System32\SHELL32.dll
0x00007ffd816b0000 - 0x00007ffd81e3f000 	C:\WINDOWS\SYSTEM32\windows.storage.dll
0x00007ffd84480000 - 0x00007ffd847d6000 	C:\WINDOWS\System32\combase.dll
0x00007ffd82fb0000 - 0x00007ffd82fdc000 	C:\WINDOWS\SYSTEM32\Wldp.dll
0x00007ffd84850000 - 0x00007ffd848fe000 	C:\WINDOWS\System32\SHCORE.dll
0x00007ffd856c0000 - 0x00007ffd85715000 	C:\WINDOWS\System32\shlwapi.dll
0x00007ffd83480000 - 0x00007ffd834a6000 	C:\WINDOWS\SYSTEM32\profapi.dll
0x00000000593a0000 - 0x00000000593ba000 	C:\Program Files\Java\jdk1.8.0_152\jre\bin\net.dll
0x00007ffd82d30000 - 0x00007ffd82d9a000 	C:\WINDOWS\system32\mswsock.dll
0x0000000059380000 - 0x0000000059391000 	C:\Program Files\Java\jdk1.8.0_152\jre\bin\nio.dll
0x00007ffd7e2b0000 - 0x00007ffd7e2da000 	C:\Users\Kacper\.gradle\native\36\windows-amd64\native-platform.dll
0x0000000059330000 - 0x000000005933d000 	C:\Program Files\Java\jdk1.8.0_152\jre\bin\management.dll
0x00007ffd82f00000 - 0x00007ffd82f18000 	C:\WINDOWS\SYSTEM32\CRYPTSP.dll
0x00007ffd82660000 - 0x00007ffd82694000 	C:\WINDOWS\system32\rsaenh.dll
0x00007ffd83ca0000 - 0x00007ffd83cc7000 	C:\WINDOWS\System32\bcrypt.dll
0x00007ffd83440000 - 0x00007ffd8346e000 	C:\WINDOWS\SYSTEM32\USERENV.dll
0x00007ffd835a0000 - 0x00007ffd83620000 	C:\WINDOWS\System32\bcryptprimitives.dll
0x00007ffd82f20000 - 0x00007ffd82f2c000 	C:\WINDOWS\SYSTEM32\CRYPTBASE.dll
0x00007ffd829d0000 - 0x00007ffd82a0b000 	C:\WINDOWS\SYSTEM32\IPHLPAPI.DLL
0x00007ffd85850000 - 0x00007ffd85858000 	C:\WINDOWS\System32\NSI.dll
0x00007ffd7b000000 - 0x00007ffd7b017000 	C:\WINDOWS\SYSTEM32\dhcpcsvc6.DLL
0x00007ffd7c0f0000 - 0x00007ffd7c10d000 	C:\WINDOWS\SYSTEM32\dhcpcsvc.DLL
0x00007ffd82a10000 - 0x00007ffd82adb000 	C:\WINDOWS\SYSTEM32\DNSAPI.dll
0x0000000059350000 - 0x0000000059374000 	C:\Program Files\Java\jdk1.8.0_152\jre\bin\sunec.dll
0x00007ffd6c250000 - 0x00007ffd6c25a000 	C:\Windows\System32\rasadhlp.dll
0x00007ffd6cab0000 - 0x00007ffd6cb2f000 	C:\WINDOWS\System32\fwpuclnt.dll
0x0000000059340000 - 0x000000005934b000 	C:\Program Files\Java\jdk1.8.0_152\jre\bin\sunmscapi.dll
0x00007ffd83b40000 - 0x00007ffd83c96000 	C:\WINDOWS\System32\CRYPT32.dll
0x00007ffd80e20000 - 0x00007ffd80eb0000 	C:\WINDOWS\system32\apphelp.dll

VM Arguments:
jvm_args: -XX:MaxMetaspaceSize=256m -XX:+HeapDumpOnOutOfMemoryError -Xms256m -Xmx512m -Dfile.encoding=windows-1250 -Duser.country=PL -Duser.language=pl -Duser.variant 
java_command: org.gradle.launcher.daemon.bootstrap.GradleDaemon 6.2
java_class_path (initial): C:\Users\Kacper\.gradle\wrapper\dists\gradle-6.2-all\dvufqs6kielxeao781pmk5huj\gradle-6.2\lib\gradle-launcher-6.2.jar
Launcher Type: SUN_STANDARD

Environment Variables:
JAVA_HOME=C:\Program Files\Java\jdk1.8.0_152
CLASSPATH=D:\Adips\SWArriors\android\\gradle\wrapper\gradle-wrapper.jar
PATH=D:\Adips\SWArriors\android\node_modules\.bin;D:\Adips\SWArriors\node_modules\.bin;D:\Adips\node_modules\.bin;D:\node_modules\.bin;C:\Program Files\nodejs;D:\Adips\SWArriors\node_modules\.bin;C:\ProgramData\Oracle\Java\javapath;C:\Program Files (x86)\Intel\iCLS Client\;C:\Program Files\Intel\iCLS Client\;C:\Windows\system32;C:\Windows;C:\Windows\System32\Wbem;C:\Windows\System32\WindowsPowerShell\v1.0\;C:\Program Files (x86)\NVIDIA Corporation\PhysX\Common;C:\Program Files (x86)\Intel\Intel(R) Management Engine Components\DAL;C:\Program Files\Intel\Intel(R) Management Engine Components\DAL;C:\Program Files (x86)\Intel\Intel(R) Management Engine Components\IPT;C:\Program Files\Intel\Intel(R) Management Engine Components\IPT;C:\Program Files\Git\cmd;C:\WINDOWS\system32;C:\WINDOWS;C:\WINDOWS\System32\Wbem;C:\WINDOWS\System32\WindowsPowerShell\v1.0\;D:\Program Files (x86)\Dev-Cpp\MinGW64\bin;C:\Program Files\dotnet\;C:\Program Files\TortoiseGit\bin;C:\Users\Kacper\PycharmProjects\untitled\venv\Scripts;C:\WINDOWS\System32\OpenSSH\;C:\Program Files\PuTTY\;C:\Program Files\nodejs\;D:\Program Files\MATLAB\R2016a\runtime\win64;D:\Program Files\MATLAB\R2016a\bin;D:\Program Files\MATLAB\R2016a\polyspace\bin;C:\flutter\bin;C:\Program Files (x86)\Yarn\bin\;C:\HashiCorp\Vagrant\bin;C:\Program Files\NVIDIA Corporation\NVIDIA NvDLISR;C:\WINDOWS\system32;C:\WINDOWS;C:\WINDOWS\System32\Wbem;C:\WINDOWS\System32\WindowsPowerShell\v1.0\;C:\WINDOWS\System32\OpenSSH\;C:\Users\Kacper\AppData\Local\Microsoft\WindowsApps;C:\Users\Kacper\AppData\Roaming\npm;C:\Users\Kacper\AppData\Local\Yarn\bin;C:\Users\Kacper\AppData\Local\Programs\Microsoft VS Code\bin;C:\Users\Kacper\AppData\Local\atom\bin
USERNAME=Kacper
OS=Windows_NT
PROCESSOR_IDENTIFIER=Intel64 Family 6 Model 142 Stepping 9, GenuineIntel



---------------  S Y S T E M  ---------------

OS: Windows 10.0 , 64 bit Build 19041 (10.0.19041.662)

CPU:total 4 (initial active 4) (2 cores per cpu, 2 threads per core) family 6 model 142 stepping 9, cmov, cx8, fxsr, mmx, sse, sse2, sse3, ssse3, sse4.1, sse4.2, popcnt, avx, avx2, aes, clmul, erms, 3dnowpref, lzcnt, ht, tsc, tscinvbit, bmi1, bmi2, adx

Memory: 4k page, physical 8253668k(328352k free), swap 10350820k(6216k free)

vm_info: Java HotSpot(TM) 64-Bit Server VM (25.152-b16) for windows-amd64 JRE (1.8.0_152-b16), built on Sep 14 2017 02:29:36 by "java_re" with MS VC++ 10.0 (VS2010)

time: Wed Jan 27 18:52:38 2021
elapsed time: 148 seconds (0d 0h 2m 28s)

